============================= test session starts ==============================
platform linux -- Python 3.11.5, pytest-7.4.2, pluggy-1.3.0 -- /jet/home/ajmera/.conda/envs/CPET_ENV/bin/python
cachedir: .pytest_cache
rootdir: /jet/home/ajmera/programs/CPET-python
collecting ... collected 1 item

test_topology.py::Test_topos::test_topo_methods FAILED                   [100%]

=================================== FAILURES ===================================
_________________________ Test_topos.test_topo_methods _________________________

self = <test_topology.Test_topos object at 0x1481b6eb36d0>

    def test_topo_methods(self):
        topo_function_list = [
            self.topo.compute_topo,
            self.topo.compute_topo_complete_c_shared,
            #self.topo.compute_topo_base,  - what are we doing with this one?
            self.topo.compute_topo_GPU_batch_filter
        ]
    
        for topo_function in topo_function_list:
            print("----"*15)
            hist = topo_function()
>           self.topo_equality(hist, topo_function)

test_topology.py:115: 
_ _ _ _ _ _ _ _ _ _ _ _ _ _ _ _ _ _ _ _ _ _ _ _ _ _ _ _ _ _ _ _ _ _ _ _ _ _ _ _ 
test_topology.py:98: in topo_equality
    np.testing.assert_allclose(
_ _ _ _ _ _ _ _ _ _ _ _ _ _ _ _ _ _ _ _ _ _ _ _ _ _ _ _ _ _ _ _ _ _ _ _ _ _ _ _ 

args = (<function assert_allclose.<locals>.compare at 0x1481c85c6980>, array([[0.00399999, 0.45072587],
       [0.005     , 0...7449],
       ...,
       [2.918787  , 1.2241975 ],
       [2.9316895 , 0.87337537],
       [3.1086092 , 0.47085598]]))
kwds = {'equal_nan': True, 'err_msg': 'Topo histograms are not equal for compute_topo', 'header': 'Not equal to tolerance rtol=0.01, atol=0.01', 'verbose': True}

    @wraps(func)
    def inner(*args, **kwds):
        with self._recreate_cm():
>           return func(*args, **kwds)
E           AssertionError: 
E           Not equal to tolerance rtol=0.01, atol=0.01
E           Topo histograms are not equal for compute_topo
E           Mismatched elements: 135 / 2000 (6.75%)
E           Max absolute difference: 0.26875093
E           Max relative difference: 0.67870853
E            x: array([[0.004   , 0.450726],
E                  [0.005   , 0.166819],
E                  [0.006   , 0.332174],...
E            y: array([[0.004   , 0.450726],
E                  [0.005   , 0.166819],
E                  [0.006   , 0.332174],...

../../../.conda/envs/CPET_ENV/lib/python3.11/contextlib.py:81: AssertionError
----------------------------- Captured stdout call -----------------------------
------------------------------------------------------------
... > Computing Topo!
Number of samples: 1000
Number of charges: 17391
Step size: 0.001
Time taken for 1000 calculations with N_charges = 17391: 272.02 seconds
=============================== warnings summary ===============================
../CPET/utils/calculator.py:3
  /jet/home/ajmera/programs/CPET-python/CPET/utils/calculator.py:3: DeprecationWarning: pkg_resources is deprecated as an API. See https://setuptools.pypa.io/en/latest/pkg_resources.html
    import pkg_resources

../../../.conda/envs/CPET_ENV/lib/python3.11/site-packages/pkg_resources/__init__.py:2871
  /jet/home/ajmera/.conda/envs/CPET_ENV/lib/python3.11/site-packages/pkg_resources/__init__.py:2871: DeprecationWarning: Deprecated call to `pkg_resources.declare_namespace('mpl_toolkits')`.
  Implementing implicit namespace packages (as specified in PEP 420) is preferred to `pkg_resources.declare_namespace`. See https://setuptools.pypa.io/en/latest/references/keywords.html#keyword-namespace-packages
    declare_namespace(pkg)

-- Docs: https://docs.pytest.org/en/stable/how-to/capture-warnings.html
=========================== short test summary info ============================
FAILED test_topology.py::Test_topos::test_topo_methods - AssertionError: 
================== 1 failed, 2 warnings in 1123.29s (0:18:43) ==================
